1672813283.500128 client started (3199): version 3.2a, socket /tmp/tmux-1000/default, protocol 8
1672813283.500157 on Linux 5.15.79.1-microsoft-standard-WSL2 #1 SMP Wed Nov 23 01:01:46 UTC 2022
1672813283.500161 using libevent 2.1.12-stable (poll); ncurses 6.3
1672813283.500175 flags are 0x18010000
1672813283.500177 socket is /tmp/tmux-1000/default
1672813283.500188 trying connect
1672813283.500199 connect failed: Connection refused
1672813283.500205 lock file is /tmp/tmux-1000/default.lock
1672813283.500222 flock succeeded
1672813283.500224 got lock (6)
1672813283.500226 trying connect
1672813283.500229 connect failed: Connection refused
1672813283.500355 add peer 0x555b3088f980: 7 ((nil))
1672813283.500553 sending message 100 to peer 0x555b3088f980 (4 bytes)
1672813283.500559 sending message 111 to peer 0x555b3088f980 (8 bytes)
1672813283.500561 sending message 101 to peer 0x555b3088f980 (15 bytes)
1672813283.500563 sending message 109 to peer 0x555b3088f980 (4 bytes)
1672813283.500565 sending message 102 to peer 0x555b3088f980 (11 bytes)
1672813283.500578 sending message 108 to peer 0x555b3088f980 (17 bytes)
1672813283.500580 sending message 112 to peer 0x555b3088f980 (58 bytes)
1672813283.500583 sending message 112 to peer 0x555b3088f980 (5 bytes)
1672813283.500585 sending message 112 to peer 0x555b3088f980 (5 bytes)
1672813283.500586 sending message 112 to peer 0x555b3088f980 (6 bytes)
1672813283.500588 sending message 112 to peer 0x555b3088f980 (6 bytes)
1672813283.500590 sending message 112 to peer 0x555b3088f980 (11 bytes)
1672813283.500592 sending message 112 to peer 0x555b3088f980 (10 bytes)
1672813283.500594 sending message 112 to peer 0x555b3088f980 (13 bytes)
1672813283.500596 sending message 112 to peer 0x555b3088f980 (14 bytes)
1672813283.500598 sending message 112 to peer 0x555b3088f980 (19 bytes)
1672813283.500600 sending message 112 to peer 0x555b3088f980 (11 bytes)
1672813283.500602 sending message 112 to peer 0x555b3088f980 (10 bytes)
1672813283.500604 sending message 112 to peer 0x555b3088f980 (15 bytes)
1672813283.500606 sending message 112 to peer 0x555b3088f980 (21 bytes)
1672813283.500608 sending message 112 to peer 0x555b3088f980 (13 bytes)
1672813283.500610 sending message 112 to peer 0x555b3088f980 (7 bytes)
1672813283.500612 sending message 112 to peer 0x555b3088f980 (13 bytes)
1672813283.500614 sending message 112 to peer 0x555b3088f980 (7 bytes)
1672813283.500616 sending message 112 to peer 0x555b3088f980 (13 bytes)
1672813283.500618 sending message 112 to peer 0x555b3088f980 (9 bytes)
1672813283.500620 sending message 112 to peer 0x555b3088f980 (21 bytes)
1672813283.500622 sending message 112 to peer 0x555b3088f980 (13 bytes)
1672813283.500624 sending message 112 to peer 0x555b3088f980 (9 bytes)
1672813283.500626 sending message 112 to peer 0x555b3088f980 (16 bytes)
1672813283.500628 sending message 112 to peer 0x555b3088f980 (13 bytes)
1672813283.500630 sending message 112 to peer 0x555b3088f980 (9 bytes)
1672813283.500632 sending message 112 to peer 0x555b3088f980 (9 bytes)
1672813283.500634 sending message 112 to peer 0x555b3088f980 (12 bytes)
1672813283.500636 sending message 112 to peer 0x555b3088f980 (8 bytes)
1672813283.500637 sending message 112 to peer 0x555b3088f980 (8 bytes)
1672813283.500639 sending message 112 to peer 0x555b3088f980 (13 bytes)
1672813283.500641 sending message 112 to peer 0x555b3088f980 (7 bytes)
1672813283.500643 sending message 112 to peer 0x555b3088f980 (7 bytes)
1672813283.500645 sending message 112 to peer 0x555b3088f980 (9 bytes)
1672813283.500647 sending message 112 to peer 0x555b3088f980 (9 bytes)
1672813283.500649 sending message 112 to peer 0x555b3088f980 (15 bytes)
1672813283.500651 sending message 112 to peer 0x555b3088f980 (13 bytes)
1672813283.500653 sending message 112 to peer 0x555b3088f980 (12 bytes)
1672813283.500655 sending message 112 to peer 0x555b3088f980 (8 bytes)
1672813283.500657 sending message 112 to peer 0x555b3088f980 (14 bytes)
1672813283.500659 sending message 112 to peer 0x555b3088f980 (11 bytes)
1672813283.500661 sending message 112 to peer 0x555b3088f980 (9 bytes)
1672813283.500667 sending message 112 to peer 0x555b3088f980 (10 bytes)
1672813283.500669 sending message 112 to peer 0x555b3088f980 (10 bytes)
1672813283.500671 sending message 112 to peer 0x555b3088f980 (10 bytes)
1672813283.500673 sending message 112 to peer 0x555b3088f980 (10 bytes)
1672813283.500675 sending message 112 to peer 0x555b3088f980 (11 bytes)
1672813283.500677 sending message 112 to peer 0x555b3088f980 (12 bytes)
1672813283.500679 sending message 112 to peer 0x555b3088f980 (12 bytes)
1672813283.500681 sending message 112 to peer 0x555b3088f980 (12 bytes)
1672813283.500682 sending message 112 to peer 0x555b3088f980 (12 bytes)
1672813283.500684 sending message 112 to peer 0x555b3088f980 (12 bytes)
1672813283.500686 sending message 112 to peer 0x555b3088f980 (11 bytes)
1672813283.500688 sending message 112 to peer 0x555b3088f980 (11 bytes)
1672813283.500691 sending message 112 to peer 0x555b3088f980 (12 bytes)
1672813283.500693 sending message 112 to peer 0x555b3088f980 (12 bytes)
1672813283.500695 sending message 112 to peer 0x555b3088f980 (12 bytes)
1672813283.500697 sending message 112 to peer 0x555b3088f980 (12 bytes)
1672813283.500699 sending message 112 to peer 0x555b3088f980 (12 bytes)
1672813283.500701 sending message 112 to peer 0x555b3088f980 (9 bytes)
1672813283.500703 sending message 112 to peer 0x555b3088f980 (12 bytes)
1672813283.500705 sending message 112 to peer 0x555b3088f980 (13 bytes)
1672813283.500707 sending message 112 to peer 0x555b3088f980 (13 bytes)
1672813283.500709 sending message 112 to peer 0x555b3088f980 (13 bytes)
1672813283.500712 sending message 112 to peer 0x555b3088f980 (13 bytes)
1672813283.500714 sending message 112 to peer 0x555b3088f980 (13 bytes)
1672813283.500716 sending message 112 to peer 0x555b3088f980 (8 bytes)
1672813283.500718 sending message 112 to peer 0x555b3088f980 (11 bytes)
1672813283.500720 sending message 112 to peer 0x555b3088f980 (11 bytes)
1672813283.500722 sending message 112 to peer 0x555b3088f980 (11 bytes)
1672813283.500724 sending message 112 to peer 0x555b3088f980 (12 bytes)
1672813283.500726 sending message 112 to peer 0x555b3088f980 (12 bytes)
1672813283.500728 sending message 112 to peer 0x555b3088f980 (12 bytes)
1672813283.500730 sending message 112 to peer 0x555b3088f980 (12 bytes)
1672813283.500732 sending message 112 to peer 0x555b3088f980 (13 bytes)
1672813283.500734 sending message 112 to peer 0x555b3088f980 (13 bytes)
1672813283.500737 sending message 112 to peer 0x555b3088f980 (13 bytes)
1672813283.500739 sending message 112 to peer 0x555b3088f980 (8 bytes)
1672813283.500741 sending message 112 to peer 0x555b3088f980 (13 bytes)
1672813283.500743 sending message 112 to peer 0x555b3088f980 (13 bytes)
1672813283.500745 sending message 112 to peer 0x555b3088f980 (13 bytes)
1672813283.500747 sending message 112 to peer 0x555b3088f980 (13 bytes)
1672813283.500749 sending message 112 to peer 0x555b3088f980 (13 bytes)
1672813283.500752 sending message 112 to peer 0x555b3088f980 (12 bytes)
1672813283.500754 sending message 112 to peer 0x555b3088f980 (12 bytes)
1672813283.500756 sending message 112 to peer 0x555b3088f980 (12 bytes)
1672813283.500758 sending message 112 to peer 0x555b3088f980 (12 bytes)
1672813283.500760 sending message 112 to peer 0x555b3088f980 (13 bytes)
1672813283.500762 sending message 112 to peer 0x555b3088f980 (8 bytes)
1672813283.500764 sending message 112 to peer 0x555b3088f980 (13 bytes)
1672813283.500766 sending message 112 to peer 0x555b3088f980 (13 bytes)
1672813283.500768 sending message 112 to peer 0x555b3088f980 (13 bytes)
1672813283.500771 sending message 112 to peer 0x555b3088f980 (13 bytes)
1672813283.500773 sending message 112 to peer 0x555b3088f980 (13 bytes)
1672813283.500775 sending message 112 to peer 0x555b3088f980 (13 bytes)
1672813283.500777 sending message 112 to peer 0x555b3088f980 (13 bytes)
1672813283.500779 sending message 112 to peer 0x555b3088f980 (12 bytes)
1672813283.500781 sending message 112 to peer 0x555b3088f980 (12 bytes)
1672813283.500783 sending message 112 to peer 0x555b3088f980 (12 bytes)
1672813283.500787 sending message 112 to peer 0x555b3088f980 (8 bytes)
1672813283.500789 sending message 112 to peer 0x555b3088f980 (12 bytes)
1672813283.500791 sending message 112 to peer 0x555b3088f980 (13 bytes)
1672813283.500793 sending message 112 to peer 0x555b3088f980 (13 bytes)
1672813283.500795 sending message 112 to peer 0x555b3088f980 (13 bytes)
1672813283.500798 sending message 112 to peer 0x555b3088f980 (13 bytes)
1672813283.500800 sending message 112 to peer 0x555b3088f980 (13 bytes)
1672813283.500801 sending message 112 to peer 0x555b3088f980 (13 bytes)
1672813283.500804 sending message 112 to peer 0x555b3088f980 (13 bytes)
1672813283.500818 sending message 112 to peer 0x555b3088f980 (13 bytes)
1672813283.500825 sending message 112 to peer 0x555b3088f980 (12 bytes)
1672813283.500827 sending message 112 to peer 0x555b3088f980 (10 bytes)
1672813283.500829 sending message 112 to peer 0x555b3088f980 (12 bytes)
1672813283.500831 sending message 112 to peer 0x555b3088f980 (12 bytes)
1672813283.500833 sending message 112 to peer 0x555b3088f980 (12 bytes)
1672813283.500835 sending message 112 to peer 0x555b3088f980 (13 bytes)
1672813283.500837 sending message 112 to peer 0x555b3088f980 (13 bytes)
1672813283.500839 sending message 112 to peer 0x555b3088f980 (13 bytes)
1672813283.500841 sending message 112 to peer 0x555b3088f980 (13 bytes)
1672813283.500843 sending message 112 to peer 0x555b3088f980 (13 bytes)
1672813283.500845 sending message 112 to peer 0x555b3088f980 (13 bytes)
1672813283.500848 sending message 112 to peer 0x555b3088f980 (13 bytes)
1672813283.500850 sending message 112 to peer 0x555b3088f980 (10 bytes)
1672813283.500852 sending message 112 to peer 0x555b3088f980 (13 bytes)
1672813283.500854 sending message 112 to peer 0x555b3088f980 (12 bytes)
1672813283.500856 sending message 112 to peer 0x555b3088f980 (12 bytes)
1672813283.500858 sending message 112 to peer 0x555b3088f980 (12 bytes)
1672813283.500860 sending message 112 to peer 0x555b3088f980 (10 bytes)
1672813283.500862 sending message 112 to peer 0x555b3088f980 (10 bytes)
1672813283.500864 sending message 112 to peer 0x555b3088f980 (10 bytes)
1672813283.500866 sending message 112 to peer 0x555b3088f980 (12 bytes)
1672813283.500868 sending message 112 to peer 0x555b3088f980 (13 bytes)
1672813283.500870 sending message 112 to peer 0x555b3088f980 (13 bytes)
1672813283.500872 sending message 112 to peer 0x555b3088f980 (13 bytes)
1672813283.500874 sending message 112 to peer 0x555b3088f980 (13 bytes)
1672813283.500877 sending message 112 to peer 0x555b3088f980 (13 bytes)
1672813283.500879 sending message 112 to peer 0x555b3088f980 (10 bytes)
1672813283.500881 sending message 112 to peer 0x555b3088f980 (11 bytes)
1672813283.500883 sending message 112 to peer 0x555b3088f980 (12 bytes)
1672813283.500885 sending message 112 to peer 0x555b3088f980 (12 bytes)
1672813283.500887 sending message 112 to peer 0x555b3088f980 (12 bytes)
1672813283.500889 sending message 112 to peer 0x555b3088f980 (12 bytes)
1672813283.500891 sending message 112 to peer 0x555b3088f980 (12 bytes)
1672813283.500893 sending message 112 to peer 0x555b3088f980 (11 bytes)
1672813283.500895 sending message 112 to peer 0x555b3088f980 (12 bytes)
1672813283.500897 sending message 112 to peer 0x555b3088f980 (12 bytes)
1672813283.500899 sending message 112 to peer 0x555b3088f980 (13 bytes)
1672813283.500901 sending message 112 to peer 0x555b3088f980 (13 bytes)
1672813283.500903 sending message 112 to peer 0x555b3088f980 (13 bytes)
1672813283.500905 sending message 112 to peer 0x555b3088f980 (13 bytes)
1672813283.500906 sending message 112 to peer 0x555b3088f980 (13 bytes)
1672813283.500908 sending message 112 to peer 0x555b3088f980 (10 bytes)
1672813283.500910 sending message 112 to peer 0x555b3088f980 (9 bytes)
1672813283.500912 sending message 112 to peer 0x555b3088f980 (12 bytes)
1672813283.500914 sending message 112 to peer 0x555b3088f980 (13 bytes)
1672813283.500917 sending message 112 to peer 0x555b3088f980 (13 bytes)
1672813283.500919 sending message 112 to peer 0x555b3088f980 (13 bytes)
1672813283.500925 sending message 112 to peer 0x555b3088f980 (13 bytes)
1672813283.500927 sending message 112 to peer 0x555b3088f980 (13 bytes)
1672813283.500929 sending message 112 to peer 0x555b3088f980 (9 bytes)
1672813283.500931 sending message 112 to peer 0x555b3088f980 (12 bytes)
1672813283.500933 sending message 112 to peer 0x555b3088f980 (13 bytes)
1672813283.500935 sending message 112 to peer 0x555b3088f980 (13 bytes)
1672813283.500937 sending message 112 to peer 0x555b3088f980 (13 bytes)
1672813283.500939 sending message 112 to peer 0x555b3088f980 (13 bytes)
1672813283.500943 sending message 112 to peer 0x555b3088f980 (13 bytes)
1672813283.500945 sending message 112 to peer 0x555b3088f980 (11 bytes)
1672813283.500947 sending message 112 to peer 0x555b3088f980 (12 bytes)
1672813283.500949 sending message 112 to peer 0x555b3088f980 (13 bytes)
1672813283.500951 sending message 112 to peer 0x555b3088f980 (13 bytes)
1672813283.500953 sending message 112 to peer 0x555b3088f980 (13 bytes)
1672813283.500955 sending message 112 to peer 0x555b3088f980 (13 bytes)
1672813283.500957 sending message 112 to peer 0x555b3088f980 (13 bytes)
1672813283.500959 sending message 112 to peer 0x555b3088f980 (11 bytes)
1672813283.500961 sending message 112 to peer 0x555b3088f980 (12 bytes)
1672813283.500963 sending message 112 to peer 0x555b3088f980 (12 bytes)
1672813283.500965 sending message 112 to peer 0x555b3088f980 (12 bytes)
1672813283.500967 sending message 112 to peer 0x555b3088f980 (12 bytes)
1672813283.500969 sending message 112 to peer 0x555b3088f980 (12 bytes)
1672813283.500971 sending message 112 to peer 0x555b3088f980 (21 bytes)
1672813283.500973 sending message 112 to peer 0x555b3088f980 (12 bytes)
1672813283.500977 sending message 112 to peer 0x555b3088f980 (9 bytes)
1672813283.500979 sending message 112 to peer 0x555b3088f980 (6 bytes)
1672813283.500981 sending message 112 to peer 0x555b3088f980 (13 bytes)
1672813283.500983 sending message 112 to peer 0x555b3088f980 (10 bytes)
1672813283.500985 sending message 112 to peer 0x555b3088f980 (24 bytes)
1672813283.500987 sending message 112 to peer 0x555b3088f980 (13 bytes)
1672813283.500989 sending message 112 to peer 0x555b3088f980 (9 bytes)
1672813283.500991 sending message 112 to peer 0x555b3088f980 (70 bytes)
1672813283.500993 sending message 112 to peer 0x555b3088f980 (69 bytes)
1672813283.500996 sending message 112 to peer 0x555b3088f980 (12 bytes)
1672813283.500998 sending message 112 to peer 0x555b3088f980 (10 bytes)
1672813283.500999 sending message 112 to peer 0x555b3088f980 (10 bytes)
1672813283.501001 sending message 112 to peer 0x555b3088f980 (24 bytes)
1672813283.501003 sending message 112 to peer 0x555b3088f980 (13 bytes)
1672813283.501005 sending message 112 to peer 0x555b3088f980 (10 bytes)
1672813283.501007 sending message 112 to peer 0x555b3088f980 (10 bytes)
1672813283.501010 sending message 112 to peer 0x555b3088f980 (10 bytes)
1672813283.501012 sending message 112 to peer 0x555b3088f980 (13 bytes)
1672813283.501014 sending message 112 to peer 0x555b3088f980 (15 bytes)
1672813283.501016 sending message 112 to peer 0x555b3088f980 (5 bytes)
1672813283.501019 sending message 104 to peer 0x555b3088f980 (0 bytes)
1672813283.501021 sending message 110 to peer 0x555b3088f980 (0 bytes)
1672813283.501023 sending message 107 to peer 0x555b3088f980 (4 bytes)
1672813283.501025 sending message 105 to peer 0x555b3088f980 (16 bytes)
1672813283.501027 sending message 105 to peer 0x555b3088f980 (13 bytes)
1672813283.501029 sending message 105 to peer 0x555b3088f980 (859 bytes)
1672813283.501031 sending message 105 to peer 0x555b3088f980 (20 bytes)
1672813283.501033 sending message 105 to peer 0x555b3088f980 (33 bytes)
1672813283.501035 sending message 105 to peer 0x555b3088f980 (11 bytes)
1672813283.501038 sending message 105 to peer 0x555b3088f980 (26 bytes)
1672813283.501040 sending message 105 to peer 0x555b3088f980 (35 bytes)
1672813283.501042 sending message 105 to peer 0x555b3088f980 (24 bytes)
1672813283.501044 sending message 105 to peer 0x555b3088f980 (33 bytes)
1672813283.501048 sending message 105 to peer 0x555b3088f980 (48 bytes)
1672813283.501050 sending message 105 to peer 0x555b3088f980 (53 bytes)
1672813283.501052 sending message 105 to peer 0x555b3088f980 (31 bytes)
1672813283.501054 sending message 105 to peer 0x555b3088f980 (13 bytes)
1672813283.501056 sending message 105 to peer 0x555b3088f980 (17 bytes)
1672813283.501058 sending message 105 to peer 0x555b3088f980 (11 bytes)
1672813283.501060 sending message 105 to peer 0x555b3088f980 (14 bytes)
1672813283.501062 sending message 105 to peer 0x555b3088f980 (19 bytes)
1672813283.501064 sending message 105 to peer 0x555b3088f980 (29 bytes)
1672813283.501066 sending message 105 to peer 0x555b3088f980 (8 bytes)
1672813283.501068 sending message 105 to peer 0x555b3088f980 (21 bytes)
1672813283.501070 sending message 105 to peer 0x555b3088f980 (19 bytes)
1672813283.501072 sending message 105 to peer 0x555b3088f980 (28 bytes)
1672813283.501074 sending message 105 to peer 0x555b3088f980 (36 bytes)
1672813283.501077 sending message 105 to peer 0x555b3088f980 (34 bytes)
1672813283.501079 sending message 105 to peer 0x555b3088f980 (39 bytes)
1672813283.501081 sending message 105 to peer 0x555b3088f980 (40 bytes)
1672813283.501083 sending message 105 to peer 0x555b3088f980 (65 bytes)
1672813283.501085 sending message 105 to peer 0x555b3088f980 (61 bytes)
1672813283.501087 sending message 105 to peer 0x555b3088f980 (57 bytes)
1672813283.501089 sending message 105 to peer 0x555b3088f980 (25 bytes)
1672813283.501091 sending message 105 to peer 0x555b3088f980 (15 bytes)
1672813283.501093 sending message 105 to peer 0x555b3088f980 (30 bytes)
1672813283.501095 sending message 105 to peer 0x555b3088f980 (27 bytes)
1672813283.501097 sending message 105 to peer 0x555b3088f980 (26 bytes)
1672813283.501099 sending message 105 to peer 0x555b3088f980 (12 bytes)
1672813283.501101 sending message 105 to peer 0x555b3088f980 (15 bytes)
1672813283.501103 sending message 105 to peer 0x555b3088f980 (19 bytes)
1672813283.501105 sending message 105 to peer 0x555b3088f980 (25 bytes)
1672813283.501107 sending message 105 to peer 0x555b3088f980 (25 bytes)
1672813283.501110 sending message 105 to peer 0x555b3088f980 (21 bytes)
1672813283.501112 sending message 105 to peer 0x555b3088f980 (21 bytes)
1672813283.501114 sending message 105 to peer 0x555b3088f980 (28 bytes)
1672813283.501116 sending message 105 to peer 0x555b3088f980 (21 bytes)
1672813283.501118 sending message 105 to peer 0x555b3088f980 (25 bytes)
1672813283.501120 sending message 105 to peer 0x555b3088f980 (47 bytes)
1672813283.501122 sending message 105 to peer 0x555b3088f980 (85 bytes)
1672813283.501124 sending message 105 to peer 0x555b3088f980 (76 bytes)
1672813283.501126 sending message 105 to peer 0x555b3088f980 (67 bytes)
1672813283.501128 sending message 105 to peer 0x555b3088f980 (28 bytes)
1672813283.501130 sending message 105 to peer 0x555b3088f980 (36 bytes)
1672813283.501132 sending message 105 to peer 0x555b3088f980 (88 bytes)
1672813283.501134 sending message 105 to peer 0x555b3088f980 (66 bytes)
1672813283.501136 sending message 105 to peer 0x555b3088f980 (62 bytes)
1672813283.501139 sending message 105 to peer 0x555b3088f980 (24 bytes)
1672813283.501141 sending message 105 to peer 0x555b3088f980 (27 bytes)
1672813283.501142 sending message 105 to peer 0x555b3088f980 (34 bytes)
1672813283.501144 sending message 105 to peer 0x555b3088f980 (19 bytes)
1672813283.501146 sending message 105 to peer 0x555b3088f980 (19 bytes)
1672813283.501148 sending message 105 to peer 0x555b3088f980 (42 bytes)
1672813283.501150 sending message 105 to peer 0x555b3088f980 (13 bytes)
1672813283.501152 sending message 105 to peer 0x555b3088f980 (19 bytes)
1672813283.501154 sending message 105 to peer 0x555b3088f980 (38 bytes)
1672813283.501156 sending message 105 to peer 0x555b3088f980 (39 bytes)
1672813283.501158 sending message 105 to peer 0x555b3088f980 (41 bytes)
1672813283.501160 sending message 105 to peer 0x555b3088f980 (16 bytes)
1672813283.501161 sending message 106 to peer 0x555b3088f980 (0 bytes)
1672813283.501167 sending message 200 to peer 0x555b3088f980 (4 bytes)
1672813283.501169 client loop enter
1672813283.501200 client_signal: Child exited
1672813283.542052 peer 0x555b3088f980 message 207
1672813283.542067 sending message 208 to peer 0x555b3088f980 (0 bytes)
1672813285.298413 peer 0x555b3088f980 message 203
1672813285.298423 sending message 205 to peer 0x555b3088f980 (0 bytes)
1672813285.298797 peer 0x555b3088f980 message 204
1672813285.298804 client loop exit
